<?xml version="1.0" encoding="UTF-8"?>
<testng-results ignored="0" total="1" passed="1" failed="0" skipped="0">
  <reporter-output>
  </reporter-output>
  <suite started-at="2023-09-01T13:26:57 CDT" name="Suite" finished-at="2023-09-01T13:27:14 CDT" duration-ms="17661">
    <groups>
    </groups>
    <test started-at="2023-09-01T13:26:57 CDT" name="Test" finished-at="2023-09-01T13:27:14 CDT" duration-ms="17661">
      <class name="TestPK.TCLogin">
        <test-method signature="login_Test()[pri:0, instance:TestPK.TCLogin@130c12b7]" started-at="2023-09-01T13:26:57 CDT" name="login_Test" finished-at="2023-09-01T13:27:14 CDT" duration-ms="17542" status="PASS">
          <reporter-output>
          </reporter-output>
        </test-method> <!-- login_Test -->
      </class> <!-- TestPK.TCLogin -->
    </test> <!-- Test -->
  </suite> <!-- Suite -->
</testng-results>
